<?xml version="1.0" encoding="UTF-8"?>
<!-- Generated by org.testng.reporters.JUnitReportReporter -->
<testsuite hostname="LAPTOP-9FGJ2RIT" failures="0" tests="3" name="tests.TestAmazonSearchFun" time="173.181" errors="0" timestamp="2025-10-16T22:09:48 IST" skipped="0">
  <testcase classname="tests.TestAmazonSearchFun" name="testSearchBar" time="38.002"/>
  <testcase classname="tests.TestAmazonSearchFun" name="testSearchBar" time="44.084"/>
  <testcase classname="tests.TestAmazonSearchFun" name="testSearchBar" time="91.095"/>
</testsuite> <!-- tests.TestAmazonSearchFun -->
