<?xml version="1.0" encoding="UTF-8"?>
<!-- Generated by org.testng.reporters.JUnitReportReporter -->
<testsuite hostname="LAPTOP-9FGJ2RIT" failures="0" tests="2" name="tests.LoginTest" time="13.361" errors="0" timestamp="2025-10-25T20:35:19 IST" skipped="0">
  <testcase classname="tests.LoginTest" name="loginTestTwo" time="6.498"/>
  <testcase classname="tests.LoginTest" name="loginTest" time="6.863"/>
</testsuite> <!-- tests.LoginTest -->
