<?xml version="1.0" encoding="UTF-8"?>
<!-- Generated by org.testng.reporters.JUnitReportReporter -->
<testsuite hostname="LAPTOP-9FGJ2RIT" failures="0" tests="4" name="com.cognizant.session.third_batch_java.LogTest" time="0.022" errors="0" timestamp="2025-10-25T21:10:22 IST" skipped="1">
  <testcase classname="com.cognizant.session.third_batch_java.LogTest" name="forgot" time="0.007"/>
  <testcase classname="com.cognizant.session.third_batch_java.LogTest" name="depand" time="0.014">
    <skipped/>
  </testcase> <!-- depand -->
  <testcase classname="com.cognizant.session.third_batch_java.LogTest" name="signUp" time="0.001"/>
  <testcase classname="com.cognizant.session.third_batch_java.LogTest" name="loginTest" time="0.000"/>
</testsuite> <!-- com.cognizant.session.third_batch_java.LogTest -->
