<?xml version="1.0" encoding="UTF-8"?>
<!-- Generated by org.testng.reporters.JUnitReportReporter -->
<testsuite hostname="LAPTOP-9FGJ2RIT" failures="0" tests="7" name="com.cognizant.session.third_batch_java.LoginTest" time="0.049" errors="0" timestamp="2025-10-25T20:01:49 IST" skipped="0">
  <testcase classname="com.cognizant.session.third_batch_java.LoginTest" name="testLogin" time="0.007"/>
  <testcase classname="com.cognizant.session.third_batch_java.LoginTest" name="testLogin" time="0.008"/>
  <testcase classname="com.cognizant.session.third_batch_java.LoginTest" name="testLogin" time="0.007"/>
  <testcase classname="com.cognizant.session.third_batch_java.LoginTest" name="testLogin" time="0.007"/>
  <testcase classname="com.cognizant.session.third_batch_java.LoginTest" name="testLogin" time="0.008"/>
  <testcase classname="com.cognizant.session.third_batch_java.LoginTest" name="testLogin" time="0.007"/>
  <testcase classname="com.cognizant.session.third_batch_java.LoginTest" name="testLogin" time="0.005"/>
</testsuite> <!-- com.cognizant.session.third_batch_java.LoginTest -->
