<?xml version="1.0" encoding="UTF-8"?>
<!-- Generated by org.testng.reporters.JUnitReportReporter -->
<testsuite hostname="LAPTOP-9FGJ2RIT" failures="0" tests="4" name="com.cognizant.session.third_batch_java.LoginTest" time="0.018" errors="0" timestamp="2025-10-25T21:10:22 IST" skipped="0">
  <testcase classname="com.cognizant.session.third_batch_java.LoginTest" name="testLogin" time="0.006"/>
  <testcase classname="com.cognizant.session.third_batch_java.LoginTest" name="testLogin" time="0.004"/>
  <testcase classname="com.cognizant.session.third_batch_java.LoginTest" name="testLogin" time="0.004"/>
  <testcase classname="com.cognizant.session.third_batch_java.LoginTest" name="testLogin" time="0.004"/>
</testsuite> <!-- com.cognizant.session.third_batch_java.LoginTest -->
