<?xml version="1.0" encoding="UTF-8"?>
<!-- Generated by org.testng.reporters.JUnitReportReporter -->
<testsuite hostname="LAPTOP-9FGJ2RIT" failures="0" tests="2" name="tests.LoginTest" time="13.886" errors="0" timestamp="2025-10-25T21:10:22 IST" skipped="0">
  <testcase classname="tests.LoginTest" name="loginTest" time="6.034"/>
  <testcase classname="tests.LoginTest" name="loginTestTwo" time="7.852"/>
</testsuite> <!-- tests.LoginTest -->
