<?xml version="1.0" encoding="UTF-8"?>
<!-- Generated by org.testng.reporters.JUnitReportReporter -->
<testsuite hostname="LAPTOP-9FGJ2RIT" failures="0" tests="7" name="com.cognizant.session.third_batch_java.LoginTest" time="0.172" errors="0" timestamp="2025-10-25T20:35:19 IST" skipped="0">
  <testcase classname="com.cognizant.session.third_batch_java.LoginTest" name="testLogin" time="0.021"/>
  <testcase classname="com.cognizant.session.third_batch_java.LoginTest" name="testLogin" time="0.022"/>
  <testcase classname="com.cognizant.session.third_batch_java.LoginTest" name="testLogin" time="0.024"/>
  <testcase classname="com.cognizant.session.third_batch_java.LoginTest" name="testLogin" time="0.031"/>
  <testcase classname="com.cognizant.session.third_batch_java.LoginTest" name="testLogin" time="0.023"/>
  <testcase classname="com.cognizant.session.third_batch_java.LoginTest" name="testLogin" time="0.030"/>
  <testcase classname="com.cognizant.session.third_batch_java.LoginTest" name="testLogin" time="0.021"/>
</testsuite> <!-- com.cognizant.session.third_batch_java.LoginTest -->
