<?xml version="1.0" encoding="UTF-8"?>
<!-- Generated by org.testng.reporters.JUnitReportReporter -->
<testsuite hostname="LAPTOP-9FGJ2RIT" failures="0" tests="1" name="utils.ReadXLDataAmazon" time="0.481" errors="0" timestamp="2025-10-16T21:47:46 IST" skipped="0">
  <testcase classname="utils.ReadXLDataAmazon" name="dataReader" time="0.481"/>
</testsuite> <!-- utils.ReadXLDataAmazon -->
