<?xml version="1.0" encoding="UTF-8"?>
<!-- Generated by org.testng.reporters.JUnitReportReporter -->
<testsuite hostname="LAPTOP-9FGJ2RIT" failures="0" tests="2" name="tests.LoginTest" time="12.410" errors="0" timestamp="2025-10-25T20:01:49 IST" skipped="0">
  <testcase classname="tests.LoginTest" name="loginTestTwo" time="7.102"/>
  <testcase classname="tests.LoginTest" name="loginTest" time="5.308"/>
</testsuite> <!-- tests.LoginTest -->
