<?xml version="1.0" encoding="UTF-8"?>
<!-- Generated by org.testng.reporters.JUnitReportReporter -->
<testsuite hostname="LAPTOP-9FGJ2RIT" failures="0" tests="2" name="tests.LoginTest" time="11.162" errors="0" timestamp="2025-10-23T14:36:00 IST" skipped="0">
  <testcase classname="tests.LoginTest" name="loginTest" time="6.008"/>
  <testcase classname="tests.LoginTest" name="loginTestTwo" time="5.154"/>
</testsuite> <!-- tests.LoginTest -->
