<?xml version="1.0" encoding="UTF-8"?>
<!-- Generated by org.testng.reporters.JUnitReportReporter -->
<testsuite hostname="LAPTOP-9FGJ2RIT" failures="0" tests="3" name="tests.TestAmazonSearchFun" time="28.102" errors="0" timestamp="2025-10-23T14:36:00 IST" skipped="0">
  <testcase classname="tests.TestAmazonSearchFun" name="testSearchBar" time="8.732"/>
  <testcase classname="tests.TestAmazonSearchFun" name="testSearchBar" time="8.531"/>
  <testcase classname="tests.TestAmazonSearchFun" name="testSearchBar" time="10.839"/>
</testsuite> <!-- tests.TestAmazonSearchFun -->
