<?xml version="1.0" encoding="UTF-8"?>
<!-- Generated by org.testng.reporters.JUnitReportReporter -->
<testsuite hostname="LAPTOP-9FGJ2RIT" failures="0" tests="1" name="com.cognizant.session.third_batch_java.ForDependentTestExampleTest" time="0.007" errors="0" timestamp="2025-10-23T14:36:00 IST" skipped="0">
  <testcase classname="com.cognizant.session.third_batch_java.ForDependentTestExampleTest" name="depand" time="0.007"/>
</testsuite> <!-- com.cognizant.session.third_batch_java.ForDependentTestExampleTest -->
